<?xml version="1.0" encoding="UTF-8"?>
<coverage generated="1555688203836" clover="3.2.0">
  <project timestamp="1555688203836" name="All files">
    <metrics statements="48" coveredstatements="45" conditionals="27" coveredconditionals="25" methods="10" coveredmethods="10" elements="85" coveredelements="80" complexity="0" loc="48" ncloc="48" packages="1" files="5" classes="5"/>
    <file name="buildAst.js" path="/Users/georgijmkrtcan/hexlet2/project-lvl2-s467/src/buildAst.js">
      <metrics statements="16" coveredstatements="16" conditionals="14" coveredconditionals="14" methods="2" coveredmethods="2"/>
      <line num="3" count="1" type="stmt"/>
      <line num="4" count="7" type="stmt"/>
      <line num="5" count="7" type="stmt"/>
      <line num="6" count="7" type="stmt"/>
      <line num="8" count="7" type="stmt"/>
      <line num="9" count="31" type="stmt"/>
      <line num="10" count="31" type="stmt"/>
      <line num="11" count="31" type="cond" truecount="4" falsecount="0"/>
      <line num="12" count="8" type="stmt"/>
      <line num="18" count="23" type="cond" truecount="4" falsecount="0"/>
      <line num="19" count="8" type="stmt"/>
      <line num="25" count="15" type="cond" truecount="2" falsecount="0"/>
      <line num="26" count="6" type="stmt"/>
      <line num="32" count="9" type="cond" truecount="4" falsecount="0"/>
      <line num="33" count="3" type="stmt"/>
      <line num="39" count="6" type="stmt"/>
    </file>
    <file name="index.js" path="/Users/georgijmkrtcan/hexlet2/project-lvl2-s467/src/index.js">
      <metrics statements="3" coveredstatements="3" conditionals="0" coveredconditionals="0" methods="1" coveredmethods="1"/>
      <line num="6" count="4" type="stmt"/>
      <line num="7" count="4" type="stmt"/>
      <line num="9" count="4" type="stmt"/>
    </file>
    <file name="parser.js" path="/Users/georgijmkrtcan/hexlet2/project-lvl2-s467/src/parser.js">
      <metrics statements="12" coveredstatements="10" conditionals="4" coveredconditionals="3" methods="1" coveredmethods="1"/>
      <line num="7" count="8" type="stmt"/>
      <line num="8" count="8" type="stmt"/>
      <line num="11" count="8" type="cond" truecount="3" falsecount="1"/>
      <line num="13" count="4" type="stmt"/>
      <line num="14" count="4" type="stmt"/>
      <line num="16" count="2" type="stmt"/>
      <line num="17" count="2" type="stmt"/>
      <line num="19" count="2" type="stmt"/>
      <line num="20" count="2" type="stmt"/>
      <line num="22" count="0" type="stmt"/>
      <line num="23" count="0" type="stmt"/>
      <line num="25" count="8" type="stmt"/>
    </file>
    <file name="render.js" path="/Users/georgijmkrtcan/hexlet2/project-lvl2-s467/src/render.js">
      <metrics statements="12" coveredstatements="11" conditionals="7" coveredconditionals="6" methods="3" coveredmethods="3"/>
      <line num="5" count="4" type="cond" truecount="1" falsecount="0"/>
      <line num="6" count="7" type="stmt"/>
      <line num="9" count="31" type="stmt"/>
      <line num="10" count="31" type="cond" truecount="5" falsecount="1"/>
      <line num="12" count="8" type="stmt"/>
      <line num="14" count="8" type="stmt"/>
      <line num="16" count="6" type="stmt"/>
      <line num="18" count="6" type="stmt"/>
      <line num="23" count="3" type="stmt"/>
      <line num="25" count="0" type="stmt"/>
      <line num="28" count="7" type="stmt"/>
      <line num="30" count="4" type="stmt"/>
    </file>
    <file name="utils.js" path="/Users/georgijmkrtcan/hexlet2/project-lvl2-s467/src/utils.js">
      <metrics statements="5" coveredstatements="5" conditionals="2" coveredconditionals="2" methods="3" coveredmethods="3"/>
      <line num="3" count="50" type="stmt"/>
      <line num="5" count="1" type="stmt"/>
      <line num="7" count="34" type="cond" truecount="2" falsecount="0"/>
      <line num="9" count="5" type="stmt"/>
      <line num="10" count="5" type="stmt"/>
    </file>
  </project>
</coverage>
