<?xml version="1.0" encoding="UTF-8"?>
<coverage generated="1571854811146" clover="3.2.0">
  <project timestamp="1571854811147" name="All files">
    <metrics statements="64" coveredstatements="62" conditionals="34" coveredconditionals="31" methods="17" coveredmethods="17" elements="115" coveredelements="110" complexity="0" loc="64" ncloc="64" packages="2" files="7" classes="7"/>
    <package name="src">
      <metrics statements="26" coveredstatements="26" conditionals="17" coveredconditionals="16" methods="4" coveredmethods="4"/>
      <file name="buildAst.js" path="/home/georg/Desktop/work/project-lvl2-s467/src/buildAst.js">
        <metrics statements="16" coveredstatements="16" conditionals="14" coveredconditionals="14" methods="2" coveredmethods="2"/>
        <line num="3" count="1" type="stmt"/>
        <line num="4" count="23" type="stmt"/>
        <line num="5" count="23" type="stmt"/>
        <line num="6" count="23" type="stmt"/>
        <line num="8" count="23" type="stmt"/>
        <line num="9" count="95" type="stmt"/>
        <line num="10" count="95" type="stmt"/>
        <line num="11" count="95" type="cond" truecount="4" falsecount="0"/>
        <line num="12" count="28" type="stmt"/>
        <line num="18" count="67" type="cond" truecount="4" falsecount="0"/>
        <line num="19" count="16" type="stmt"/>
        <line num="25" count="51" type="cond" truecount="2" falsecount="0"/>
        <line num="26" count="18" type="stmt"/>
        <line num="32" count="33" type="cond" truecount="4" falsecount="0"/>
        <line num="33" count="15" type="stmt"/>
        <line num="39" count="18" type="stmt"/>
      </file>
      <file name="index.js" path="/home/georg/Desktop/work/project-lvl2-s467/src/index.js">
        <metrics statements="5" coveredstatements="5" conditionals="1" coveredconditionals="1" methods="1" coveredmethods="1"/>
        <line num="7" count="8" type="stmt"/>
        <line num="8" count="8" type="stmt"/>
        <line num="10" count="8" type="stmt"/>
        <line num="11" count="8" type="stmt"/>
        <line num="13" count="8" type="stmt"/>
      </file>
      <file name="parser.js" path="/home/georg/Desktop/work/project-lvl2-s467/src/parser.js">
        <metrics statements="5" coveredstatements="5" conditionals="2" coveredconditionals="1" methods="1" coveredmethods="1"/>
        <line num="5" count="1" type="stmt"/>
        <line num="12" count="16" type="stmt"/>
        <line num="13" count="16" type="stmt"/>
        <line num="15" count="16" type="cond" truecount="1" falsecount="1"/>
        <line num="17" count="16" type="stmt"/>
      </file>
    </package>
    <package name="src.render">
      <metrics statements="38" coveredstatements="36" conditionals="17" coveredconditionals="15" methods="13" coveredmethods="13"/>
      <file name="index.js" path="/home/georg/Desktop/work/project-lvl2-s467/src/render/index.js">
        <metrics statements="2" coveredstatements="2" conditionals="0" coveredconditionals="0" methods="2" coveredmethods="2"/>
        <line num="5" count="1" type="stmt"/>
        <line num="11" count="8" type="stmt"/>
      </file>
      <file name="renderJson.js" path="/home/georg/Desktop/work/project-lvl2-s467/src/render/renderJson.js">
        <metrics statements="2" coveredstatements="2" conditionals="0" coveredconditionals="0" methods="1" coveredmethods="1"/>
        <line num="2" count="1" type="stmt"/>
        <line num="3" count="1" type="stmt"/>
      </file>
      <file name="renderPlain.js" path="/home/georg/Desktop/work/project-lvl2-s467/src/render/renderPlain.js">
        <metrics statements="17" coveredstatements="16" conditionals="8" coveredconditionals="7" methods="4" coveredmethods="4"/>
        <line num="1" count="1" type="stmt"/>
        <line num="3" count="32" type="cond" truecount="2" falsecount="0"/>
        <line num="6" count="5" type="stmt"/>
        <line num="10" count="1" type="stmt"/>
        <line num="11" count="4" type="stmt"/>
        <line num="14" count="16" type="stmt"/>
        <line num="15" count="16" type="stmt"/>
        <line num="16" count="16" type="stmt"/>
        <line num="17" count="16" type="cond" truecount="5" falsecount="1"/>
        <line num="19" count="3" type="stmt"/>
        <line num="21" count="5" type="stmt"/>
        <line num="23" count="2" type="stmt"/>
        <line num="25" count="3" type="stmt"/>
        <line num="27" count="3" type="stmt"/>
        <line num="29" count="0" type="stmt"/>
        <line num="32" count="4" type="stmt"/>
        <line num="34" count="1" type="stmt"/>
      </file>
      <file name="renderTree.js" path="/home/georg/Desktop/work/project-lvl2-s467/src/render/renderTree.js">
        <metrics statements="17" coveredstatements="16" conditionals="9" coveredconditionals="8" methods="6" coveredmethods="6"/>
        <line num="3" count="114" type="stmt"/>
        <line num="5" count="1" type="stmt"/>
        <line num="7" count="66" type="cond" truecount="2" falsecount="0"/>
        <line num="9" count="15" type="stmt"/>
        <line num="10" count="15" type="stmt"/>
        <line num="14" count="6" type="cond" truecount="1" falsecount="0"/>
        <line num="15" count="15" type="stmt"/>
        <line num="18" count="63" type="stmt"/>
        <line num="19" count="63" type="cond" truecount="5" falsecount="1"/>
        <line num="21" count="12" type="stmt"/>
        <line num="23" count="18" type="stmt"/>
        <line num="25" count="12" type="stmt"/>
        <line num="27" count="12" type="stmt"/>
        <line num="32" count="9" type="stmt"/>
        <line num="34" count="0" type="stmt"/>
        <line num="37" count="15" type="stmt"/>
        <line num="39" count="6" type="stmt"/>
      </file>
    </package>
  </project>
</coverage>
