{"/Users/georgijmkrtcan/hexlet2/project-lvl2-s467/src/index.js": {"path":"/Users/georgijmkrtcan/hexlet2/project-lvl2-s467/src/index.js","statementMap":{"0":{"start":{"line":5,"column":19},"end":{"line":5,"column":36}},"1":{"start":{"line":6,"column":19},"end":{"line":6,"column":36}},"2":{"start":{"line":7,"column":15},"end":{"line":7,"column":42}},"3":{"start":{"line":9,"column":25},"end":{"line":19,"column":4}},"4":{"start":{"line":10,"column":4},"end":{"line":12,"column":5}},"5":{"start":{"line":11,"column":6},"end":{"line":11,"column":40}},"6":{"start":{"line":13,"column":4},"end":{"line":17,"column":5}},"7":{"start":{"line":14,"column":6},"end":{"line":16,"column":37}},"8":{"start":{"line":18,"column":4},"end":{"line":18,"column":38}},"9":{"start":{"line":21,"column":2},"end":{"line":21,"column":46}},"10":{"start":{"line":25,"column":16},"end":{"line":25,"column":33}},"11":{"start":{"line":26,"column":16},"end":{"line":26,"column":33}},"12":{"start":{"line":28,"column":2},"end":{"line":28,"column":38}}},"fnMap":{"0":{"name":"getObjectsDiff","decl":{"start":{"line":4,"column":9},"end":{"line":4,"column":23}},"loc":{"start":{"line":4,"column":36},"end":{"line":22,"column":1}},"line":4},"1":{"name":"(anonymous_1)","decl":{"start":{"line":9,"column":34},"end":{"line":9,"column":35}},"loc":{"start":{"line":9,"column":43},"end":{"line":19,"column":3}},"line":9},"2":{"name":"(anonymous_2)","decl":{"start":{"line":24,"column":15},"end":{"line":24,"column":16}},"loc":{"start":{"line":24,"column":41},"end":{"line":29,"column":1}},"line":24}},"branchMap":{"0":{"loc":{"start":{"line":10,"column":4},"end":{"line":12,"column":5}},"type":"if","locations":[{"start":{"line":10,"column":4},"end":{"line":12,"column":5}},{"start":{"line":10,"column":4},"end":{"line":12,"column":5}}],"line":10},"1":{"loc":{"start":{"line":13,"column":4},"end":{"line":17,"column":5}},"type":"if","locations":[{"start":{"line":13,"column":4},"end":{"line":17,"column":5}},{"start":{"line":13,"column":4},"end":{"line":17,"column":5}}],"line":13},"2":{"loc":{"start":{"line":14,"column":13},"end":{"line":16,"column":36}},"type":"cond-expr","locations":[{"start":{"line":15,"column":10},"end":{"line":15,"column":62}},{"start":{"line":16,"column":10},"end":{"line":16,"column":36}}],"line":14}},"s":{"0":3,"1":3,"2":3,"3":3,"4":15,"5":3,"6":12,"7":9,"8":3,"9":3,"10":3,"11":3,"12":3},"f":{"0":3,"1":15,"2":3},"b":{"0":[3,12],"1":[9,3],"2":[3,6]},"_coverageSchema":"43e27e138ebf9cfc5966b082cf9a028302ed4184","hash":"52419383fd9eba9034c5de620417a1adab04bcd8"}
,"/Users/georgijmkrtcan/hexlet2/project-lvl2-s467/src/parser.js": {"path":"/Users/georgijmkrtcan/hexlet2/project-lvl2-s467/src/parser.js","statementMap":{"0":{"start":{"line":7,"column":15},"end":{"line":7,"column":64}},"1":{"start":{"line":8,"column":21},"end":{"line":8,"column":43}},"2":{"start":{"line":11,"column":2},"end":{"line":23,"column":3}},"3":{"start":{"line":13,"column":6},"end":{"line":13,"column":33}},"4":{"start":{"line":14,"column":6},"end":{"line":14,"column":12}},"5":{"start":{"line":16,"column":6},"end":{"line":16,"column":31}},"6":{"start":{"line":17,"column":6},"end":{"line":17,"column":12}},"7":{"start":{"line":19,"column":6},"end":{"line":19,"column":32}},"8":{"start":{"line":20,"column":6},"end":{"line":20,"column":12}},"9":{"start":{"line":22,"column":6},"end":{"line":22,"column":45}},"10":{"start":{"line":24,"column":2},"end":{"line":24,"column":17}}},"fnMap":{"0":{"name":"(anonymous_0)","decl":{"start":{"line":6,"column":15},"end":{"line":6,"column":16}},"loc":{"start":{"line":6,"column":29},"end":{"line":25,"column":1}},"line":6}},"branchMap":{"0":{"loc":{"start":{"line":11,"column":2},"end":{"line":23,"column":3}},"type":"switch","locations":[{"start":{"line":12,"column":4},"end":{"line":14,"column":12}},{"start":{"line":15,"column":4},"end":{"line":17,"column":12}},{"start":{"line":18,"column":4},"end":{"line":20,"column":12}},{"start":{"line":21,"column":4},"end":{"line":22,"column":45}}],"line":11}},"s":{"0":6,"1":6,"2":6,"3":2,"4":2,"5":2,"6":2,"7":2,"8":2,"9":0,"10":6},"f":{"0":6},"b":{"0":[2,2,2,0]},"_coverageSchema":"43e27e138ebf9cfc5966b082cf9a028302ed4184","hash":"80fa84e2c097e00eb8a2ba903ac59bc82b10fe94"}
}
