{"/Users/georgijmkrtcan/hexlet2/project-lvl2-s467/src/index.js": {"path":"/Users/georgijmkrtcan/hexlet2/project-lvl2-s467/src/index.js","statementMap":{"0":{"start":{"line":6,"column":16},"end":{"line":6,"column":33}},"1":{"start":{"line":7,"column":16},"end":{"line":7,"column":33}},"2":{"start":{"line":8,"column":19},"end":{"line":8,"column":33}},"3":{"start":{"line":9,"column":14},"end":{"line":9,"column":36}},"4":{"start":{"line":11,"column":2},"end":{"line":11,"column":23}}},"fnMap":{"0":{"name":"(anonymous_0)","decl":{"start":{"line":5,"column":15},"end":{"line":5,"column":16}},"loc":{"start":{"line":5,"column":58},"end":{"line":12,"column":1}},"line":5}},"branchMap":{"0":{"loc":{"start":{"line":5,"column":38},"end":{"line":5,"column":53}},"type":"default-arg","locations":[{"start":{"line":5,"column":47},"end":{"line":5,"column":53}}],"line":5}},"s":{"0":6,"1":6,"2":6,"3":6,"4":6},"f":{"0":6},"b":{"0":[4]},"_coverageSchema":"43e27e138ebf9cfc5966b082cf9a028302ed4184","hash":"2f46f4eb30cffd86d6a687e9c22f0dad6229355f"}
,"/Users/georgijmkrtcan/hexlet2/project-lvl2-s467/src/utils.js": {"path":"/Users/georgijmkrtcan/hexlet2/project-lvl2-s467/src/utils.js","statementMap":{"0":{"start":{"line":3,"column":23},"end":{"line":3,"column":44}},"1":{"start":{"line":3,"column":28},"end":{"line":3,"column":44}},"2":{"start":{"line":5,"column":19},"end":{"line":11,"column":1}},"3":{"start":{"line":7,"column":2},"end":{"line":7,"column":47}},"4":{"start":{"line":7,"column":34},"end":{"line":7,"column":47}},"5":{"start":{"line":9,"column":20},"end":{"line":9,"column":102}},"6":{"start":{"line":9,"column":50},"end":{"line":9,"column":101}},"7":{"start":{"line":10,"column":2},"end":{"line":10,"column":69}},"8":{"start":{"line":13,"column":20},"end":{"line":19,"column":1}},"9":{"start":{"line":15,"column":2},"end":{"line":15,"column":47}},"10":{"start":{"line":15,"column":34},"end":{"line":15,"column":47}},"11":{"start":{"line":18,"column":2},"end":{"line":18,"column":27}}},"fnMap":{"0":{"name":"(anonymous_0)","decl":{"start":{"line":3,"column":23},"end":{"line":3,"column":24}},"loc":{"start":{"line":3,"column":28},"end":{"line":3,"column":44}},"line":3},"1":{"name":"(anonymous_1)","decl":{"start":{"line":5,"column":19},"end":{"line":5,"column":20}},"loc":{"start":{"line":5,"column":37},"end":{"line":11,"column":1}},"line":5},"2":{"name":"(anonymous_2)","decl":{"start":{"line":9,"column":43},"end":{"line":9,"column":44}},"loc":{"start":{"line":9,"column":50},"end":{"line":9,"column":101}},"line":9},"3":{"name":"(anonymous_3)","decl":{"start":{"line":13,"column":20},"end":{"line":13,"column":21}},"loc":{"start":{"line":13,"column":31},"end":{"line":19,"column":1}},"line":13}},"branchMap":{"0":{"loc":{"start":{"line":7,"column":2},"end":{"line":7,"column":47}},"type":"if","locations":[{"start":{"line":7,"column":2},"end":{"line":7,"column":47}},{"start":{"line":7,"column":2},"end":{"line":7,"column":47}}],"line":7},"1":{"loc":{"start":{"line":15,"column":2},"end":{"line":15,"column":47}},"type":"if","locations":[{"start":{"line":15,"column":2},"end":{"line":15,"column":47}},{"start":{"line":15,"column":2},"end":{"line":15,"column":47}}],"line":15}},"s":{"0":1,"1":50,"2":1,"3":34,"4":29,"5":5,"6":5,"7":5,"8":1,"9":32,"10":27,"11":5},"f":{"0":50,"1":34,"2":5,"3":32},"b":{"0":[29,5],"1":[27,5]},"_coverageSchema":"43e27e138ebf9cfc5966b082cf9a028302ed4184","hash":"27d3da6e9263bfa4d2a99419544deeda0564a21c"}
,"/Users/georgijmkrtcan/hexlet2/project-lvl2-s467/src/render/render.js": {"path":"/Users/georgijmkrtcan/hexlet2/project-lvl2-s467/src/render/render.js","statementMap":{"0":{"start":{"line":5,"column":18},"end":{"line":9,"column":1}},"1":{"start":{"line":11,"column":25},"end":{"line":11,"column":54}},"2":{"start":{"line":11,"column":32},"end":{"line":11,"column":54}}},"fnMap":{"0":{"name":"(anonymous_0)","decl":{"start":{"line":11,"column":15},"end":{"line":11,"column":16}},"loc":{"start":{"line":11,"column":25},"end":{"line":11,"column":54}},"line":11},"1":{"name":"(anonymous_1)","decl":{"start":{"line":11,"column":25},"end":{"line":11,"column":26}},"loc":{"start":{"line":11,"column":32},"end":{"line":11,"column":54}},"line":11}},"branchMap":{},"s":{"0":1,"1":6,"2":6},"f":{"0":6,"1":6},"b":{},"_coverageSchema":"43e27e138ebf9cfc5966b082cf9a028302ed4184","hash":"3b9c6cc648208b9d14122630dc5aa8526edc144c"}
,"/Users/georgijmkrtcan/hexlet2/project-lvl2-s467/src/render/renderJson.js": {"path":"/Users/georgijmkrtcan/hexlet2/project-lvl2-s467/src/render/renderJson.js","statementMap":{"0":{"start":{"line":2,"column":15},"end":{"line":38,"column":3}},"1":{"start":{"line":3,"column":19},"end":{"line":36,"column":10}},"2":{"start":{"line":6,"column":10},"end":{"line":6,"column":14}},"3":{"start":{"line":7,"column":6},"end":{"line":34,"column":7}},"4":{"start":{"line":9,"column":10},"end":{"line":11,"column":12}},"5":{"start":{"line":12,"column":10},"end":{"line":12,"column":16}},"6":{"start":{"line":14,"column":10},"end":{"line":16,"column":12}},"7":{"start":{"line":17,"column":10},"end":{"line":17,"column":16}},"8":{"start":{"line":19,"column":10},"end":{"line":21,"column":12}},"9":{"start":{"line":22,"column":10},"end":{"line":22,"column":16}},"10":{"start":{"line":24,"column":10},"end":{"line":27,"column":12}},"11":{"start":{"line":28,"column":10},"end":{"line":28,"column":16}},"12":{"start":{"line":30,"column":10},"end":{"line":30,"column":36}},"13":{"start":{"line":31,"column":10},"end":{"line":31,"column":16}},"14":{"start":{"line":33,"column":10},"end":{"line":33,"column":45}},"15":{"start":{"line":35,"column":6},"end":{"line":35,"column":17}},"16":{"start":{"line":37,"column":4},"end":{"line":37,"column":18}},"17":{"start":{"line":39,"column":21},"end":{"line":39,"column":55}},"18":{"start":{"line":40,"column":2},"end":{"line":40,"column":20}}},"fnMap":{"0":{"name":"(anonymous_0)","decl":{"start":{"line":1,"column":15},"end":{"line":1,"column":16}},"loc":{"start":{"line":1,"column":24},"end":{"line":41,"column":1}},"line":1},"1":{"name":"(anonymous_1)","decl":{"start":{"line":2,"column":15},"end":{"line":2,"column":16}},"loc":{"start":{"line":2,"column":28},"end":{"line":38,"column":3}},"line":2},"2":{"name":"(anonymous_2)","decl":{"start":{"line":3,"column":34},"end":{"line":3,"column":35}},"loc":{"start":{"line":3,"column":49},"end":{"line":36,"column":5}},"line":3}},"branchMap":{"0":{"loc":{"start":{"line":7,"column":6},"end":{"line":34,"column":7}},"type":"switch","locations":[{"start":{"line":8,"column":8},"end":{"line":12,"column":16}},{"start":{"line":13,"column":8},"end":{"line":17,"column":16}},{"start":{"line":18,"column":8},"end":{"line":22,"column":16}},{"start":{"line":23,"column":8},"end":{"line":28,"column":16}},{"start":{"line":29,"column":8},"end":{"line":31,"column":16}},{"start":{"line":32,"column":8},"end":{"line":33,"column":45}}],"line":7}},"s":{"0":1,"1":4,"2":16,"3":16,"4":3,"5":3,"6":5,"7":5,"8":2,"9":2,"10":3,"11":3,"12":3,"13":3,"14":0,"15":16,"16":4,"17":1,"18":1},"f":{"0":1,"1":4,"2":16},"b":{"0":[3,5,2,3,3,0]},"_coverageSchema":"43e27e138ebf9cfc5966b082cf9a028302ed4184","hash":"b97d9bb6e860fb1bbcd5703a83b813dc6759f54e"}
,"/Users/georgijmkrtcan/hexlet2/project-lvl2-s467/src/render/renderPlain.js": {"path":"/Users/georgijmkrtcan/hexlet2/project-lvl2-s467/src/render/renderPlain.js","statementMap":{"0":{"start":{"line":16,"column":15},"end":{"line":39,"column":3}},"1":{"start":{"line":17,"column":19},"end":{"line":37,"column":6}},"2":{"start":{"line":20,"column":10},"end":{"line":20,"column":14}},"3":{"start":{"line":21,"column":29},"end":{"line":21,"column":48}},"4":{"start":{"line":22,"column":29},"end":{"line":22,"column":48}},"5":{"start":{"line":23,"column":6},"end":{"line":36,"column":7}},"6":{"start":{"line":25,"column":10},"end":{"line":25,"column":64}},"7":{"start":{"line":27,"column":10},"end":{"line":27,"column":91}},"8":{"start":{"line":29,"column":10},"end":{"line":29,"column":61}},"9":{"start":{"line":31,"column":10},"end":{"line":31,"column":106}},"10":{"start":{"line":33,"column":10},"end":{"line":33,"column":61}},"11":{"start":{"line":35,"column":10},"end":{"line":35,"column":45}},"12":{"start":{"line":38,"column":4},"end":{"line":38,"column":29}},"13":{"start":{"line":40,"column":2},"end":{"line":40,"column":23}}},"fnMap":{"0":{"name":"(anonymous_0)","decl":{"start":{"line":15,"column":15},"end":{"line":15,"column":16}},"loc":{"start":{"line":15,"column":24},"end":{"line":41,"column":1}},"line":15},"1":{"name":"(anonymous_1)","decl":{"start":{"line":16,"column":15},"end":{"line":16,"column":16}},"loc":{"start":{"line":16,"column":39},"end":{"line":39,"column":3}},"line":16},"2":{"name":"(anonymous_2)","decl":{"start":{"line":17,"column":31},"end":{"line":17,"column":32}},"loc":{"start":{"line":17,"column":41},"end":{"line":37,"column":5}},"line":17}},"branchMap":{"0":{"loc":{"start":{"line":23,"column":6},"end":{"line":36,"column":7}},"type":"switch","locations":[{"start":{"line":24,"column":8},"end":{"line":25,"column":64}},{"start":{"line":26,"column":8},"end":{"line":27,"column":91}},{"start":{"line":28,"column":8},"end":{"line":29,"column":61}},{"start":{"line":30,"column":8},"end":{"line":31,"column":106}},{"start":{"line":32,"column":8},"end":{"line":33,"column":61}},{"start":{"line":34,"column":8},"end":{"line":35,"column":45}}],"line":23}},"s":{"0":1,"1":4,"2":16,"3":16,"4":16,"5":16,"6":3,"7":5,"8":2,"9":3,"10":3,"11":0,"12":4,"13":1},"f":{"0":1,"1":4,"2":16},"b":{"0":[3,5,2,3,3,0]},"_coverageSchema":"43e27e138ebf9cfc5966b082cf9a028302ed4184","hash":"05c59b5850461a8a53b31f988709d8d197b18a69"}
,"/Users/georgijmkrtcan/hexlet2/project-lvl2-s467/src/render/renderTree.js": {"path":"/Users/georgijmkrtcan/hexlet2/project-lvl2-s467/src/render/renderTree.js","statementMap":{"0":{"start":{"line":5,"column":15},"end":{"line":29,"column":3}},"1":{"start":{"line":6,"column":19},"end":{"line":27,"column":6}},"2":{"start":{"line":9,"column":10},"end":{"line":9,"column":14}},"3":{"start":{"line":10,"column":6},"end":{"line":26,"column":7}},"4":{"start":{"line":12,"column":10},"end":{"line":12,"column":84}},"5":{"start":{"line":14,"column":10},"end":{"line":14,"column":84}},"6":{"start":{"line":16,"column":10},"end":{"line":16,"column":84}},"7":{"start":{"line":18,"column":10},"end":{"line":21,"column":12}},"8":{"start":{"line":23,"column":10},"end":{"line":23,"column":115}},"9":{"start":{"line":25,"column":10},"end":{"line":25,"column":45}},"10":{"start":{"line":28,"column":4},"end":{"line":28,"column":48}},"11":{"start":{"line":30,"column":2},"end":{"line":30,"column":27}}},"fnMap":{"0":{"name":"(anonymous_0)","decl":{"start":{"line":4,"column":15},"end":{"line":4,"column":16}},"loc":{"start":{"line":4,"column":24},"end":{"line":31,"column":1}},"line":4},"1":{"name":"(anonymous_1)","decl":{"start":{"line":5,"column":15},"end":{"line":5,"column":16}},"loc":{"start":{"line":5,"column":39},"end":{"line":29,"column":3}},"line":5},"2":{"name":"(anonymous_2)","decl":{"start":{"line":6,"column":31},"end":{"line":6,"column":32}},"loc":{"start":{"line":6,"column":41},"end":{"line":27,"column":5}},"line":6}},"branchMap":{"0":{"loc":{"start":{"line":5,"column":25},"end":{"line":5,"column":34}},"type":"default-arg","locations":[{"start":{"line":5,"column":33},"end":{"line":5,"column":34}}],"line":5},"1":{"loc":{"start":{"line":10,"column":6},"end":{"line":26,"column":7}},"type":"switch","locations":[{"start":{"line":11,"column":8},"end":{"line":12,"column":84}},{"start":{"line":13,"column":8},"end":{"line":14,"column":84}},{"start":{"line":15,"column":8},"end":{"line":16,"column":84}},{"start":{"line":17,"column":8},"end":{"line":21,"column":12}},{"start":{"line":22,"column":8},"end":{"line":23,"column":115}},{"start":{"line":24,"column":8},"end":{"line":25,"column":45}}],"line":10}},"s":{"0":4,"1":7,"2":31,"3":31,"4":6,"5":8,"6":8,"7":6,"8":3,"9":0,"10":7,"11":4},"f":{"0":4,"1":7,"2":31},"b":{"0":[4],"1":[6,8,8,6,3,0]},"_coverageSchema":"43e27e138ebf9cfc5966b082cf9a028302ed4184","hash":"d7a53b82ea458f4b8e9ca43c95f2d8fde57c0896"}
}
