TN:
SF:/Users/georgijmkrtcan/hexlet2/project-lvl2-s467/src/index.js
FN:4,getObjectsDiff
FN:9,(anonymous_1)
FN:24,(anonymous_2)
FNF:3
FNH:3
FNDA:3,getObjectsDiff
FNDA:15,(anonymous_1)
FNDA:3,(anonymous_2)
DA:5,3
DA:6,3
DA:7,3
DA:9,3
DA:10,15
DA:11,3
DA:13,12
DA:14,9
DA:18,3
DA:21,3
DA:25,3
DA:26,3
DA:28,3
LF:13
LH:13
BRDA:10,0,0,3
BRDA:10,0,1,12
BRDA:13,1,0,9
BRDA:13,1,1,3
BRDA:14,2,0,3
BRDA:14,2,1,6
BRF:6
BRH:6
end_of_record
TN:
SF:/Users/georgijmkrtcan/hexlet2/project-lvl2-s467/src/parser.js
FN:6,(anonymous_0)
FNF:1
FNH:1
FNDA:6,(anonymous_0)
DA:7,6
DA:8,6
DA:11,6
DA:13,2
DA:14,2
DA:16,2
DA:17,2
DA:19,2
DA:20,2
DA:22,0
DA:24,6
LF:11
LH:10
BRDA:11,0,0,2
BRDA:11,0,1,2
BRDA:11,0,2,2
BRDA:11,0,3,0
BRF:4
BRH:3
end_of_record
