TN:
SF:/Users/georgijmkrtcan/hexlet2/project-lvl2-s467/src/index.js
FN:5,(anonymous_0)
FNF:1
FNH:1
FNDA:6,(anonymous_0)
DA:6,6
DA:7,6
DA:8,6
DA:9,6
DA:11,6
LF:5
LH:5
BRDA:5,0,0,4
BRF:1
BRH:1
end_of_record
TN:
SF:/Users/georgijmkrtcan/hexlet2/project-lvl2-s467/src/utils.js
FN:3,(anonymous_0)
FN:5,(anonymous_1)
FN:9,(anonymous_2)
FN:13,(anonymous_3)
FNF:4
FNH:4
FNDA:50,(anonymous_0)
FNDA:34,(anonymous_1)
FNDA:5,(anonymous_2)
FNDA:32,(anonymous_3)
DA:3,50
DA:5,1
DA:7,34
DA:9,5
DA:10,5
DA:13,1
DA:15,32
DA:18,5
LF:8
LH:8
BRDA:7,0,0,29
BRDA:7,0,1,5
BRDA:15,1,0,27
BRDA:15,1,1,5
BRF:4
BRH:4
end_of_record
TN:
SF:/Users/georgijmkrtcan/hexlet2/project-lvl2-s467/src/render/render.js
FN:11,(anonymous_0)
FN:11,(anonymous_1)
FNF:2
FNH:2
FNDA:6,(anonymous_0)
FNDA:6,(anonymous_1)
DA:5,1
DA:11,6
LF:2
LH:2
BRF:0
BRH:0
end_of_record
TN:
SF:/Users/georgijmkrtcan/hexlet2/project-lvl2-s467/src/render/renderJson.js
FN:1,(anonymous_0)
FN:2,(anonymous_1)
FN:3,(anonymous_2)
FNF:3
FNH:3
FNDA:1,(anonymous_0)
FNDA:4,(anonymous_1)
FNDA:16,(anonymous_2)
DA:2,1
DA:3,4
DA:6,16
DA:7,16
DA:9,3
DA:12,3
DA:14,5
DA:17,5
DA:19,2
DA:22,2
DA:24,3
DA:28,3
DA:30,3
DA:31,3
DA:33,0
DA:35,16
DA:37,4
DA:39,1
DA:40,1
LF:19
LH:18
BRDA:7,0,0,3
BRDA:7,0,1,5
BRDA:7,0,2,2
BRDA:7,0,3,3
BRDA:7,0,4,3
BRDA:7,0,5,0
BRF:6
BRH:5
end_of_record
TN:
SF:/Users/georgijmkrtcan/hexlet2/project-lvl2-s467/src/render/renderPlain.js
FN:15,(anonymous_0)
FN:16,(anonymous_1)
FN:17,(anonymous_2)
FNF:3
FNH:3
FNDA:1,(anonymous_0)
FNDA:4,(anonymous_1)
FNDA:16,(anonymous_2)
DA:16,1
DA:17,4
DA:20,16
DA:21,16
DA:22,16
DA:23,16
DA:25,3
DA:27,5
DA:29,2
DA:31,3
DA:33,3
DA:35,0
DA:38,4
DA:40,1
LF:14
LH:13
BRDA:23,0,0,3
BRDA:23,0,1,5
BRDA:23,0,2,2
BRDA:23,0,3,3
BRDA:23,0,4,3
BRDA:23,0,5,0
BRF:6
BRH:5
end_of_record
TN:
SF:/Users/georgijmkrtcan/hexlet2/project-lvl2-s467/src/render/renderTree.js
FN:4,(anonymous_0)
FN:5,(anonymous_1)
FN:6,(anonymous_2)
FNF:3
FNH:3
FNDA:4,(anonymous_0)
FNDA:7,(anonymous_1)
FNDA:31,(anonymous_2)
DA:5,4
DA:6,7
DA:9,31
DA:10,31
DA:12,6
DA:14,8
DA:16,8
DA:18,6
DA:23,3
DA:25,0
DA:28,7
DA:30,4
LF:12
LH:11
BRDA:5,0,0,4
BRDA:10,1,0,6
BRDA:10,1,1,8
BRDA:10,1,2,8
BRDA:10,1,3,6
BRDA:10,1,4,3
BRDA:10,1,5,0
BRF:7
BRH:6
end_of_record
